TN:
SF:controllers\authController.js
FN:6,(anonymous_0)
FN:34,(anonymous_1)
FN:69,(anonymous_2)
FNF:3
FNH:2
FNDA:2,(anonymous_0)
FNDA:2,(anonymous_1)
FNDA:0,(anonymous_2)
DA:1,1
DA:2,1
DA:3,1
DA:6,1
DA:7,2
DA:9,2
DA:10,0
DA:13,2
DA:15,2
DA:16,2
DA:17,1
DA:21,1
DA:24,1
DA:26,1
DA:28,0
DA:29,0
DA:34,1
DA:35,2
DA:37,2
DA:38,0
DA:41,2
DA:43,2
DA:45,2
DA:46,1
DA:50,1
DA:52,1
DA:53,0
DA:57,1
DA:61,1
DA:63,0
DA:64,0
DA:69,1
DA:70,0
DA:71,0
DA:72,0
DA:73,0
DA:76,0
DA:78,0
DA:79,0
LF:39
LH:25
BRDA:9,0,0,0
BRDA:9,0,1,2
BRDA:9,1,0,2
BRDA:9,1,1,2
BRDA:16,2,0,1
BRDA:16,2,1,1
BRDA:37,3,0,0
BRDA:37,3,1,2
BRDA:37,4,0,2
BRDA:37,4,1,2
BRDA:45,5,0,1
BRDA:45,5,1,1
BRDA:52,6,0,0
BRDA:52,6,1,1
BRDA:72,7,0,0
BRDA:72,7,1,0
BRF:16
BRH:11
end_of_record
TN:
SF:controllers\cartController.js
FN:4,(anonymous_0)
FN:14,(anonymous_1)
FN:33,(anonymous_2)
FNF:3
FNH:3
FNDA:2,(anonymous_0)
FNDA:3,(anonymous_1)
FNDA:2,(anonymous_2)
DA:1,1
DA:4,1
DA:5,2
DA:6,2
DA:7,1
DA:9,1
DA:14,1
DA:15,3
DA:16,3
DA:19,3
DA:20,1
DA:21,1
DA:22,1
DA:25,2
DA:26,1
DA:28,2
DA:33,1
DA:34,2
DA:35,2
DA:36,1
DA:38,1
LF:21
LH:21
BRDA:19,0,0,1
BRDA:19,0,1,2
BRDA:19,1,0,3
BRDA:19,1,1,2
BRF:4
BRH:4
end_of_record
TN:
SF:controllers\productController.js
FN:3,(anonymous_0)
FN:12,(anonymous_1)
FN:22,(anonymous_2)
FNF:3
FNH:3
FNDA:2,(anonymous_0)
FNDA:3,(anonymous_1)
FNDA:2,(anonymous_2)
DA:1,1
DA:3,1
DA:4,2
DA:5,2
DA:6,1
DA:8,1
DA:12,1
DA:13,3
DA:14,3
DA:15,2
DA:16,1
DA:18,1
DA:22,1
DA:23,2
DA:24,2
DA:25,2
DA:26,1
DA:28,1
LF:18
LH:18
BRDA:15,0,0,1
BRDA:15,0,1,1
BRF:2
BRH:2
end_of_record
TN:
SF:models\cartModel.js
FN:3,(anonymous_0)
FN:8,(anonymous_1)
FN:16,(anonymous_2)
FNF:3
FNH:2
FNDA:1,(anonymous_0)
FNDA:1,(anonymous_1)
FNDA:0,(anonymous_2)
DA:1,1
DA:3,1
DA:4,1
DA:5,1
DA:8,1
DA:9,1
DA:13,1
DA:16,1
DA:17,0
LF:9
LH:8
BRF:0
BRH:0
end_of_record
TN:
SF:models\productModel.js
FN:3,(anonymous_0)
FN:8,(anonymous_1)
FN:13,(anonymous_2)
FNF:3
FNH:3
FNDA:1,(anonymous_0)
FNDA:2,(anonymous_1)
FNDA:1,(anonymous_2)
DA:1,2
DA:3,2
DA:4,1
DA:5,1
DA:8,2
DA:9,2
DA:10,2
DA:13,2
DA:14,1
DA:18,1
LF:10
LH:10
BRF:0
BRH:0
end_of_record
TN:
SF:models\userModel.js
FN:5,(anonymous_0)
FN:11,(anonymous_1)
FNF:2
FNH:2
FNDA:2,(anonymous_0)
FNDA:2,(anonymous_1)
DA:2,2
DA:5,2
DA:6,2
DA:7,2
DA:11,2
DA:12,2
DA:16,1
LF:7
LH:7
BRF:0
BRH:0
end_of_record
